
Showing logs for build [32mcb-kubecd-environment-pr-177-15-j6jnv-1[0m stage [32mfrom-build-pack[0m and container [32mstep-credential-initializer-vk776[0m
{"level":"warn","ts":1583830371.4671817,"logger":"fallback-logger","caller":"logging/config.go:69","msg":"Fetch GitHub commit ID from kodata failed: \"ref: refs/heads/0.8.0-**-support-backwards-incompats\" is not a valid GitHub commit ID"}
{"level":"info","ts":1583830371.4681726,"logger":"fallback-logger","caller":"creds-init/main.go:40","msg":"Credentials initialized."}

Showing logs for build [32mcb-kubecd-environment-pr-177-15-j6jnv-1[0m stage [32mfrom-build-pack[0m and container [32mstep-working-dir-initializer-cdfvx[0m
{"level":"warn","ts":1583830372.8128784,"logger":"fallback-logger","caller":"logging/config.go:69","msg":"Fetch GitHub commit ID from kodata failed: open /var/run/ko/HEAD: no such file or directory"}
{"level":"info","ts":1583830372.8159277,"logger":"fallback-logger","caller":"bash/main.go:64","msg":"Successfully executed command \"sh -c mkdir -p /workspace/source\"; output "}

Showing logs for build [32mcb-kubecd-environment-pr-177-15-j6jnv-1[0m stage [32mfrom-build-pack[0m and container [32mstep-place-tools[0m

Showing logs for build [32mcb-kubecd-environment-pr-177-15-j6jnv-1[0m stage [32mfrom-build-pack[0m and container [32mstep-git-source-cb-kubecd-environment-pr-177-15-j6jnv-gf8f8[0m
{"level":"warn","ts":1583830375.9340646,"logger":"fallback-logger","caller":"logging/config.go:69","msg":"Fetch GitHub commit ID from kodata failed: \"ref: refs/heads/0.8.0-**-support-backwards-incompats\" is not a valid GitHub commit ID"}
{"level":"info","ts":1583830376.9557388,"logger":"fallback-logger","caller":"git/git.go:103","msg":"Successfully cloned https://github.com/cb-kubecd/environment-pr-177-157-boot-gke-production.git @ master in path /workspace/source"}

Showing logs for build [32mcb-kubecd-environment-pr-177-15-j6jnv-1[0m stage [32mfrom-build-pack[0m and container [32mstep-git-merge[0m
Using SHAs from PULL_REFS=master:fdba0a6a4bffc93cde2e147264cd73f26f9ab7ce,1:aaf808cb63f74ca9b692d59c3d5ae285ae05374d
DEBUG: JX_LOG_LEVEL=error LC_ALL=C git fetch origin --unshallow aaf808cb63f74ca9b692d59c3d5ae285ae05374d: fdba0a6a4bffc93cde2e147264cd73f26f9ab7ce:
DEBUG: ran git fetch --unshallow origin aaf808cb63f74ca9b692d59c3d5ae285ae05374d: fdba0a6a4bffc93cde2e147264cd73f26f9ab7ce: in 
DEBUG: LC_ALL=C JX_LOG_LEVEL=error git branch
DEBUG: JX_LOG_LEVEL=error LC_ALL=C git checkout master
DEBUG: ran git checkout master in 
DEBUG: LC_ALL=C JX_LOG_LEVEL=error git reset --hard fdba0a6a4bffc93cde2e147264cd73f26f9ab7ce
DEBUG: ran git reset --hard fdba0a6a4bffc93cde2e147264cd73f26f9ab7ce in 
DEBUG: LC_ALL=C JX_LOG_LEVEL=error git clean -fd .
DEBUG: ran clean --force -d . in 
DEBUG: LC_ALL=C JX_LOG_LEVEL=error git merge aaf808cb63f74ca9b692d59c3d5ae285ae05374d
DEBUG: ran git merge aaf808cb63f74ca9b692d59c3d5ae285ae05374d in 
DEBUG: LC_ALL=C JX_LOG_LEVEL=error git log --format=%H%x1f%an%x1f%ae%x1f%cn%x1f%ce%x1f%s%n%b%x1e fdba0a6a4bffc93cde2e147264cd73f26f9ab7ce..HEAD
Merged SHA aaf808cb63f74ca9b692d59c3d5ae285ae05374d with commit message 'chore: Promote bdd-spring-1583829562 to version 0.0.1' into base branch master

Showing logs for build [32mcb-kubecd-environment-pr-177-15-j6jnv-1[0m stage [32mfrom-build-pack[0m and container [32mstep-build-helm-build[0m
WARNING: No $CHART_REPOSITORY defined so using the default value of: http://jenkins-x-chartmuseum:8080
Adding missing Helm repo: storage.googleapis.com https://storage.googleapis.com/chartmuseum.jenkins-x.io
WARNING: No secrets found on "helm/repos" due: reading the secret "helm/repos" from vault: no secret "helm/repos" not found in vault
Read credentials for https://storage.googleapis.com/chartmuseum.jenkins-x.io from vault helm/repos
Successfully added Helm repository storage.googleapis.com.
Adding missing Helm repo: jenkins-x-chartmuseum http://jenkins-x-chartmuseum:8080
WARNING: No secrets found on "helm/repos" due: reading the secret "helm/repos" from vault: no secret "helm/repos" not found in vault
Read credentials for http://jenkins-x-chartmuseum:8080 from vault helm/repos
Successfully added Helm repository jenkins-x-chartmuseum.
WARNING: No $CHART_REPOSITORY defined so using the default value of: http://jenkins-x-chartmuseum:8080
Adding missing Helm repo: chartmuseum.jenkins-x.io http://chartmuseum.jenkins-x.io
WARNING: No secrets found on "helm/repos" due: reading the secret "helm/repos" from vault: no secret "helm/repos" not found in vault
Read credentials for http://chartmuseum.jenkins-x.io from vault helm/repos
Successfully added Helm repository chartmuseum.jenkins-x.io.
